
Invoking autoreconf in build directory: /home/liu/CPro/testt

sh -c "autoreconf -i" 
configure.ac:8: error: Autoconf version 2.62 or higher is required
/usr/share/aclocal-1.11/init.m4:26: AM_INIT_AUTOMAKE is expanded from...
configure.ac:8: the top level
autom4te: /usr/bin/m4 failed with exit status: 63
aclocal: autom4te failed with exit status: 63
autoreconf: aclocal failed with exit status: 63

Configuration failed with error
Build stopped
()10:11:13 **** Incremental Build of configuration Build (GNU) for project testt ****
make all 
make: *** 没有规则可以创建目标“all”。 停止。

Invoking autoreconf in build directory: /home/liu/CPro/testt

sh -c "autoreconf -i" 
configure.ac:8: error: Autoconf version 2.62 or higher is required
/usr/share/aclocal-1.11/init.m4:26: AM_INIT_AUTOMAKE is expanded from...
configure.ac:8: the top level
autom4te: /usr/bin/m4 failed with exit status: 63
aclocal: autom4te failed with exit status: 63
autoreconf: aclocal failed with exit status: 63

Configuration failed with error
Build stopped
()10:32:07 **** Incremental Build of configuration Build (GNU) for project testt ****
make all 
make: *** 没有规则可以创建目标“all”。 停止。
